{"total": {"lines":{"total":543,"covered":446,"skipped":0,"pct":82.13},"statements":{"total":579,"covered":463,"skipped":0,"pct":79.96},"functions":{"total":130,"covered":102,"skipped":0,"pct":78.46},"branches":{"total":339,"covered":218,"skipped":0,"pct":64.3},"branchesTrue":{"total":0,"covered":0,"skipped":0,"pct":100}}
,"/home/runner/work/mirai-prototype/mirai-prototype": {"lines":{"total":0,"covered":0,"skipped":0,"pct":0},"functions":{"total":0,"covered":0,"skipped":0,"pct":0},"statements":{"total":0,"covered":0,"skipped":0,"pct":0},"branches":{"total":0,"covered":0,"skipped":0,"pct":0}}
,"/home/runner/work/mirai-prototype/mirai-prototype/.storybook/preview.tsx": {"lines":{"total":1,"covered":1,"skipped":0,"pct":100},"functions":{"total":0,"covered":0,"skipped":0,"pct":100},"statements":{"total":1,"covered":1,"skipped":0,"pct":100},"branches":{"total":0,"covered":0,"skipped":0,"pct":100}}
,"/home/runner/work/mirai-prototype/mirai-prototype/.storybook/mocks/db.ts": {"lines":{"total":4,"covered":4,"skipped":0,"pct":100},"functions":{"total":6,"covered":2,"skipped":0,"pct":33.33},"statements":{"total":7,"covered":5,"skipped":0,"pct":71.42},"branches":{"total":0,"covered":0,"skipped":0,"pct":100}}
,"/home/runner/work/mirai-prototype/mirai-prototype/app/globals.css": {"lines":{"total":0,"covered":0,"skipped":0,"pct":0},"functions":{"total":0,"covered":0,"skipped":0,"pct":0},"statements":{"total":0,"covered":0,"skipped":0,"pct":0},"branches":{"total":0,"covered":0,"skipped":0,"pct":0}}
,"/home/runner/work/mirai-prototype/mirai-prototype/app/api/admin/settings/route.ts": {"lines":{"total":7,"covered":7,"skipped":0,"pct":100},"functions":{"total":1,"covered":1,"skipped":0,"pct":100},"statements":{"total":7,"covered":7,"skipped":0,"pct":100},"branches":{"total":2,"covered":1,"skipped":0,"pct":50}}
,"/home/runner/work/mirai-prototype/mirai-prototype/app/api/auth/webauthn/register-options/route.ts": {"lines":{"total":13,"covered":12,"skipped":0,"pct":92.3},"functions":{"total":2,"covered":1,"skipped":0,"pct":50},"statements":{"total":13,"covered":12,"skipped":0,"pct":92.3},"branches":{"total":4,"covered":1,"skipped":0,"pct":25}}
,"/home/runner/work/mirai-prototype/mirai-prototype/app/api/contact/route.ts": {"lines":{"total":47,"covered":47,"skipped":0,"pct":100},"functions":{"total":4,"covered":4,"skipped":0,"pct":100},"statements":{"total":48,"covered":48,"skipped":0,"pct":100},"branches":{"total":28,"covered":25,"skipped":0,"pct":89.28}}
,"/home/runner/work/mirai-prototype/mirai-prototype/app/api/events/checkout/route.ts": {"lines":{"total":37,"covered":34,"skipped":0,"pct":91.89},"functions":{"total":1,"covered":1,"skipped":0,"pct":100},"statements":{"total":38,"covered":35,"skipped":0,"pct":92.1},"branches":{"total":34,"covered":29,"skipped":0,"pct":85.29}}
,"/home/runner/work/mirai-prototype/mirai-prototype/app/api/newsletter/subscribe/route.ts": {"lines":{"total":28,"covered":28,"skipped":0,"pct":100},"functions":{"total":2,"covered":2,"skipped":0,"pct":100},"statements":{"total":28,"covered":28,"skipped":0,"pct":100},"branches":{"total":18,"covered":16,"skipped":0,"pct":88.88}}
,"/home/runner/work/mirai-prototype/mirai-prototype/components/BlogList.tsx": {"lines":{"total":2,"covered":1,"skipped":0,"pct":50},"functions":{"total":2,"covered":1,"skipped":0,"pct":50},"statements":{"total":2,"covered":1,"skipped":0,"pct":50},"branches":{"total":4,"covered":0,"skipped":0,"pct":0}}
,"/home/runner/work/mirai-prototype/mirai-prototype/components/BrandSlider.tsx": {"lines":{"total":5,"covered":5,"skipped":0,"pct":100},"functions":{"total":2,"covered":2,"skipped":0,"pct":100},"statements":{"total":6,"covered":5,"skipped":0,"pct":83.33},"branches":{"total":8,"covered":7,"skipped":0,"pct":87.5}}
,"/home/runner/work/mirai-prototype/mirai-prototype/components/NewsletterForm.tsx": {"lines":{"total":77,"covered":35,"skipped":0,"pct":45.45},"functions":{"total":10,"covered":6,"skipped":0,"pct":60},"statements":{"total":82,"covered":37,"skipped":0,"pct":45.12},"branches":{"total":51,"covered":21,"skipped":0,"pct":41.17}}
,"/home/runner/work/mirai-prototype/mirai-prototype/components/SmartLink.tsx": {"lines":{"total":8,"covered":6,"skipped":0,"pct":75},"functions":{"total":2,"covered":2,"skipped":0,"pct":100},"statements":{"total":8,"covered":6,"skipped":0,"pct":75},"branches":{"total":12,"covered":6,"skipped":0,"pct":50}}
,"/home/runner/work/mirai-prototype/mirai-prototype/components/ThemeToggle.tsx": {"lines":{"total":22,"covered":15,"skipped":0,"pct":68.18},"functions":{"total":10,"covered":3,"skipped":0,"pct":30},"statements":{"total":25,"covered":16,"skipped":0,"pct":64},"branches":{"total":16,"covered":4,"skipped":0,"pct":25}}
,"/home/runner/work/mirai-prototype/mirai-prototype/components/admin/TourButton.tsx": {"lines":{"total":5,"covered":3,"skipped":0,"pct":60},"functions":{"total":2,"covered":1,"skipped":0,"pct":50},"statements":{"total":5,"covered":3,"skipped":0,"pct":60},"branches":{"total":0,"covered":0,"skipped":0,"pct":100}}
,"/home/runner/work/mirai-prototype/mirai-prototype/components/forms/ContactForm.tsx": {"lines":{"total":37,"covered":24,"skipped":0,"pct":64.86},"functions":{"total":10,"covered":5,"skipped":0,"pct":50},"statements":{"total":40,"covered":25,"skipped":0,"pct":62.5},"branches":{"total":27,"covered":14,"skipped":0,"pct":51.85}}
,"/home/runner/work/mirai-prototype/mirai-prototype/components/motion/Reveal.tsx": {"lines":{"total":3,"covered":3,"skipped":0,"pct":100},"functions":{"total":1,"covered":1,"skipped":0,"pct":100},"statements":{"total":3,"covered":3,"skipped":0,"pct":100},"branches":{"total":5,"covered":3,"skipped":0,"pct":60}}
,"/home/runner/work/mirai-prototype/mirai-prototype/components/sections/CoreTechnologyAreas.tsx": {"lines":{"total":4,"covered":4,"skipped":0,"pct":100},"functions":{"total":3,"covered":3,"skipped":0,"pct":100},"statements":{"total":4,"covered":4,"skipped":0,"pct":100},"branches":{"total":0,"covered":0,"skipped":0,"pct":100}}
,"/home/runner/work/mirai-prototype/mirai-prototype/components/sections/EngagementModels.tsx": {"lines":{"total":3,"covered":3,"skipped":0,"pct":100},"functions":{"total":2,"covered":2,"skipped":0,"pct":100},"statements":{"total":3,"covered":3,"skipped":0,"pct":100},"branches":{"total":0,"covered":0,"skipped":0,"pct":100}}
,"/home/runner/work/mirai-prototype/mirai-prototype/components/sections/ValuesGrid.tsx": {"lines":{"total":3,"covered":3,"skipped":0,"pct":100},"functions":{"total":2,"covered":2,"skipped":0,"pct":100},"statements":{"total":3,"covered":3,"skipped":0,"pct":100},"branches":{"total":0,"covered":0,"skipped":0,"pct":100}}
,"/home/runner/work/mirai-prototype/mirai-prototype/components/sections/WhatWeDo.tsx": {"lines":{"total":5,"covered":5,"skipped":0,"pct":100},"functions":{"total":2,"covered":2,"skipped":0,"pct":100},"statements":{"total":5,"covered":5,"skipped":0,"pct":100},"branches":{"total":0,"covered":0,"skipped":0,"pct":100}}
,"/home/runner/work/mirai-prototype/mirai-prototype/components/sections/WhoWeAre.tsx": {"lines":{"total":2,"covered":2,"skipped":0,"pct":100},"functions":{"total":1,"covered":1,"skipped":0,"pct":100},"statements":{"total":2,"covered":2,"skipped":0,"pct":100},"branches":{"total":0,"covered":0,"skipped":0,"pct":100}}
,"/home/runner/work/mirai-prototype/mirai-prototype/components/ui/BrandButton.tsx": {"lines":{"total":4,"covered":3,"skipped":0,"pct":75},"functions":{"total":1,"covered":1,"skipped":0,"pct":100},"statements":{"total":4,"covered":3,"skipped":0,"pct":75},"branches":{"total":9,"covered":6,"skipped":0,"pct":66.66}}
,"/home/runner/work/mirai-prototype/mirai-prototype/components/ui/Section.tsx": {"lines":{"total":1,"covered":1,"skipped":0,"pct":100},"functions":{"total":1,"covered":1,"skipped":0,"pct":100},"statements":{"total":1,"covered":1,"skipped":0,"pct":100},"branches":{"total":3,"covered":3,"skipped":0,"pct":100}}
,"/home/runner/work/mirai-prototype/mirai-prototype/content/schema.ts": {"lines":{"total":10,"covered":10,"skipped":0,"pct":100},"functions":{"total":0,"covered":0,"skipped":0,"pct":100},"statements":{"total":10,"covered":10,"skipped":0,"pct":100},"branches":{"total":0,"covered":0,"skipped":0,"pct":100}}
,"/home/runner/work/mirai-prototype/mirai-prototype/content/site.ts": {"lines":{"total":2,"covered":2,"skipped":0,"pct":100},"functions":{"total":0,"covered":0,"skipped":0,"pct":100},"statements":{"total":2,"covered":2,"skipped":0,"pct":100},"branches":{"total":2,"covered":1,"skipped":0,"pct":50}}
,"/home/runner/work/mirai-prototype/mirai-prototype/lib/auth.ts": {"lines":{"total":69,"covered":66,"skipped":0,"pct":95.65},"functions":{"total":15,"covered":15,"skipped":0,"pct":100},"statements":{"total":79,"covered":73,"skipped":0,"pct":92.4},"branches":{"total":36,"covered":30,"skipped":0,"pct":83.33}}
,"/home/runner/work/mirai-prototype/mirai-prototype/lib/content.ts": {"lines":{"total":19,"covered":9,"skipped":0,"pct":47.36},"functions":{"total":10,"covered":6,"skipped":0,"pct":60},"statements":{"total":19,"covered":9,"skipped":0,"pct":47.36},"branches":{"total":4,"covered":1,"skipped":0,"pct":25}}
,"/home/runner/work/mirai-prototype/mirai-prototype/lib/events.ts": {"lines":{"total":51,"covered":49,"skipped":0,"pct":96.07},"functions":{"total":15,"covered":14,"skipped":0,"pct":93.33},"statements":{"total":52,"covered":50,"skipped":0,"pct":96.15},"branches":{"total":43,"covered":31,"skipped":0,"pct":72.09}}
,"/home/runner/work/mirai-prototype/mirai-prototype/lib/tokens.ts": {"lines":{"total":1,"covered":1,"skipped":0,"pct":100},"functions":{"total":0,"covered":0,"skipped":0,"pct":100},"statements":{"total":1,"covered":1,"skipped":0,"pct":100},"branches":{"total":0,"covered":0,"skipped":0,"pct":100}}
,"/home/runner/work/mirai-prototype/mirai-prototype/lib/turnstile.ts": {"lines":{"total":14,"covered":4,"skipped":0,"pct":28.57},"functions":{"total":1,"covered":1,"skipped":0,"pct":100},"statements":{"total":19,"covered":5,"skipped":0,"pct":26.31},"branches":{"total":12,"covered":3,"skipped":0,"pct":25}}
,"/home/runner/work/mirai-prototype/mirai-prototype/lib/users.ts": {"lines":{"total":57,"covered":57,"skipped":0,"pct":100},"functions":{"total":21,"covered":21,"skipped":0,"pct":100},"statements":{"total":60,"covered":58,"skipped":0,"pct":96.66},"branches":{"total":21,"covered":16,"skipped":0,"pct":76.19}}
,"/home/runner/work/mirai-prototype/mirai-prototype/lib/utils.ts": {"lines":{"total":1,"covered":1,"skipped":0,"pct":100},"functions":{"total":1,"covered":1,"skipped":0,"pct":100},"statements":{"total":1,"covered":1,"skipped":0,"pct":100},"branches":{"total":0,"covered":0,"skipped":0,"pct":100}}
,"/home/runner/work/mirai-prototype/mirai-prototype/lib/validations/contact.ts": {"lines":{"total":1,"covered":1,"skipped":0,"pct":100},"functions":{"total":0,"covered":0,"skipped":0,"pct":100},"statements":{"total":1,"covered":1,"skipped":0,"pct":100},"branches":{"total":0,"covered":0,"skipped":0,"pct":100}}
}
