{"total": {"lines":{"total":143,"covered":57,"skipped":0,"pct":39.86},"statements":{"total":155,"covered":59,"skipped":0,"pct":38.06},"functions":{"total":18,"covered":8,"skipped":0,"pct":44.44},"branches":{"total":81,"covered":21,"skipped":0,"pct":25.92},"branchesTrue":{"total":0,"covered":0,"skipped":0,"pct":100}}
,"/home/runner/work/mirai-prototype/mirai-prototype/app/api/admin/settings/route.ts": {"lines":{"total":7,"covered":7,"skipped":0,"pct":100},"functions":{"total":1,"covered":1,"skipped":0,"pct":100},"statements":{"total":7,"covered":7,"skipped":0,"pct":100},"branches":{"total":2,"covered":1,"skipped":0,"pct":50}}
,"/home/runner/work/mirai-prototype/mirai-prototype/app/api/contact/route.ts": {"lines":{"total":47,"covered":28,"skipped":0,"pct":59.57},"functions":{"total":4,"covered":3,"skipped":0,"pct":75},"statements":{"total":48,"covered":29,"skipped":0,"pct":60.41},"branches":{"total":28,"covered":12,"skipped":0,"pct":42.85}}
,"/home/runner/work/mirai-prototype/mirai-prototype/app/api/newsletter/subscribe/route.ts": {"lines":{"total":28,"covered":11,"skipped":0,"pct":39.28},"functions":{"total":2,"covered":1,"skipped":0,"pct":50},"statements":{"total":28,"covered":11,"skipped":0,"pct":39.28},"branches":{"total":18,"covered":3,"skipped":0,"pct":16.66}}
,"/home/runner/work/mirai-prototype/mirai-prototype/lib/auth.ts": {"lines":{"total":45,"covered":5,"skipped":0,"pct":11.11},"functions":{"total":10,"covered":2,"skipped":0,"pct":20},"statements":{"total":51,"covered":5,"skipped":0,"pct":9.8},"branches":{"total":21,"covered":2,"skipped":0,"pct":9.52}}
,"/home/runner/work/mirai-prototype/mirai-prototype/lib/tokens.ts": {"lines":{"total":1,"covered":1,"skipped":0,"pct":100},"functions":{"total":0,"covered":0,"skipped":0,"pct":100},"statements":{"total":1,"covered":1,"skipped":0,"pct":100},"branches":{"total":0,"covered":0,"skipped":0,"pct":100}}
,"/home/runner/work/mirai-prototype/mirai-prototype/lib/turnstile.ts": {"lines":{"total":14,"covered":4,"skipped":0,"pct":28.57},"functions":{"total":1,"covered":1,"skipped":0,"pct":100},"statements":{"total":19,"covered":5,"skipped":0,"pct":26.31},"branches":{"total":12,"covered":3,"skipped":0,"pct":25}}
,"/home/runner/work/mirai-prototype/mirai-prototype/lib/validations/contact.ts": {"lines":{"total":1,"covered":1,"skipped":0,"pct":100},"functions":{"total":0,"covered":0,"skipped":0,"pct":100},"statements":{"total":1,"covered":1,"skipped":0,"pct":100},"branches":{"total":0,"covered":0,"skipped":0,"pct":100}}
}
