TN:
SF:app/api/admin/settings/route.ts
FN:30,POST
FNF:1
FNH:1
FNDA:2,POST
DA:31,2
DA:32,2
DA:33,1
DA:34,1
DA:35,1
DA:37,1
DA:38,1
LF:7
LH:7
BRDA:38,0,0,1
BRDA:38,0,1,0
BRF:2
BRH:1
end_of_record
TN:
SF:app/api/contact/route.ts
FN:13,isRateLimited
FN:17,(anonymous_1)
FN:97,POST
FN:153,verifyTurnstile
FNF:4
FNH:3
FNDA:5,isRateLimited
FNDA:10,(anonymous_1)
FNDA:5,POST
FNDA:0,verifyTurnstile
DA:6,1
DA:9,1
DA:10,1
DA:11,1
DA:14,5
DA:15,5
DA:17,10
DA:18,5
DA:19,5
DA:20,5
DA:99,5
DA:100,5
DA:102,5
DA:103,0
DA:107,5
DA:108,5
DA:110,1
DA:113,4
DA:114,4
DA:115,2
DA:121,2
DA:123,2
DA:125,1
DA:128,1
DA:129,1
DA:130,0
DA:131,0
DA:134,0
DA:135,0
DA:136,0
DA:140,1
DA:141,1
DA:142,1
DA:143,1
DA:145,0
DA:146,0
DA:154,0
DA:155,0
DA:156,0
DA:159,0
DA:164,0
DA:170,0
DA:171,0
DA:174,0
DA:175,0
DA:176,0
DA:179,0
LF:47
LH:28
BRDA:15,0,0,5
BRDA:15,0,1,1
BRDA:99,1,0,5
BRDA:99,1,1,0
BRDA:100,2,0,5
BRDA:100,2,1,0
BRDA:102,3,0,0
BRDA:102,3,1,5
BRDA:102,4,0,5
BRDA:102,4,1,5
BRDA:114,5,0,2
BRDA:114,5,1,2
BRDA:123,6,0,1
BRDA:123,6,1,1
BRDA:129,7,0,0
BRDA:129,7,1,1
BRDA:130,8,0,0
BRDA:130,8,1,0
BRDA:135,9,0,0
BRDA:135,9,1,0
BRDA:155,10,0,0
BRDA:155,10,1,0
BRDA:170,11,0,0
BRDA:170,11,1,0
BRDA:175,12,0,0
BRDA:175,12,1,0
BRDA:176,13,0,0
BRDA:176,13,1,0
BRF:28
BRH:12
end_of_record
TN:
SF:app/api/newsletter/subscribe/route.ts
FN:29,POST
FN:60,verifyTurnstile
FNF:2
FNH:1
FNDA:4,POST
FNDA:0,verifyTurnstile
DA:6,1
DA:30,4
DA:31,4
DA:32,4
DA:34,4
DA:35,2
DA:38,2
DA:39,2
DA:41,2
DA:42,0
DA:43,0
DA:46,0
DA:47,0
DA:48,0
DA:52,2
DA:54,2
DA:56,0
DA:61,0
DA:62,0
DA:63,0
DA:66,0
DA:71,0
DA:77,0
DA:78,0
DA:81,0
DA:82,0
DA:83,0
DA:86,0
LF:28
LH:11
BRDA:34,0,0,2
BRDA:34,0,1,2
BRDA:41,1,0,0
BRDA:41,1,1,2
BRDA:42,2,0,0
BRDA:42,2,1,0
BRDA:47,3,0,0
BRDA:47,3,1,0
BRDA:56,4,0,0
BRDA:56,4,1,0
BRDA:62,5,0,0
BRDA:62,5,1,0
BRDA:77,6,0,0
BRDA:77,6,1,0
BRDA:82,7,0,0
BRDA:82,7,1,0
BRDA:83,8,0,0
BRDA:83,8,1,0
BRF:18
BRH:3
end_of_record
TN:
SF:lib/auth.ts
FN:7,encrypt
FN:15,decrypt
FN:22,createSession
FN:36,deleteSession
FN:42,requireAdmin
FN:51,createUserSession
FN:65,deleteUserSession
FN:70,getUserSession
FN:82,requireUser
FN:89,requireAnyAuth
FNF:10
FNH:2
FNDA:4,encrypt
FNDA:4,decrypt
FNDA:0,createSession
FNDA:0,deleteSession
FNDA:0,requireAdmin
FNDA:0,createUserSession
FNDA:0,deleteUserSession
FNDA:0,getUserSession
FNDA:0,requireUser
FNDA:0,requireAnyAuth
DA:4,1
DA:5,1
DA:8,4
DA:16,4
DA:19,2
DA:23,0
DA:24,0
DA:26,0
DA:27,0
DA:38,0
DA:39,0
DA:43,0
DA:44,0
DA:45,0
DA:46,0
DA:47,0
DA:48,0
DA:52,0
DA:53,0
DA:55,0
DA:56,0
DA:66,0
DA:67,0
DA:71,0
DA:72,0
DA:73,0
DA:74,0
DA:75,0
DA:76,0
DA:78,0
DA:83,0
DA:84,0
DA:86,0
DA:90,0
DA:93,0
DA:94,0
DA:95,0
DA:96,0
DA:97,0
DA:104,0
DA:105,0
DA:106,0
DA:107,0
DA:108,0
DA:114,0
LF:45
LH:5
BRDA:4,0,0,1
BRDA:4,0,1,0
BRDA:7,1,0,4
BRDA:45,2,0,0
BRDA:45,2,1,0
BRDA:47,3,0,0
BRDA:47,3,1,0
BRDA:47,4,0,0
BRDA:47,4,1,0
BRDA:73,5,0,0
BRDA:73,5,1,0
BRDA:84,6,0,0
BRDA:84,6,1,0
BRDA:94,7,0,0
BRDA:94,7,1,0
BRDA:97,8,0,0
BRDA:97,8,1,0
BRDA:105,9,0,0
BRDA:105,9,1,0
BRDA:108,10,0,0
BRDA:108,10,1,0
BRF:21
BRH:2
end_of_record
TN:
SF:lib/tokens.ts
FNF:0
FNH:0
DA:8,1
LF:1
LH:1
BRF:0
BRH:0
end_of_record
TN:
SF:lib/turnstile.ts
FN:3,verifyTurnstile
FNF:1
FNH:1
FNDA:2,verifyTurnstile
DA:4,2
DA:5,2
DA:6,2
DA:8,2
DA:9,0
DA:10,0
DA:12,0
DA:13,0
DA:14,0
DA:20,0
DA:21,0
DA:22,0
DA:24,0
DA:26,0
LF:14
LH:4
BRDA:6,0,0,2
BRDA:6,0,1,2
BRDA:8,1,0,2
BRDA:8,1,1,0
BRDA:9,2,0,0
BRDA:9,2,1,0
BRDA:10,3,0,0
BRDA:10,3,1,0
BRDA:20,4,0,0
BRDA:20,4,1,0
BRDA:22,5,0,0
BRDA:22,5,1,0
BRF:12
BRH:3
end_of_record
TN:
SF:lib/validations/contact.ts
FNF:0
FNH:0
DA:3,2
LF:1
LH:1
BRF:0
BRH:0
end_of_record
